{"level":"info","message":"⌛ Building environment","timeElapsed":431,"timestamp":"2025-04-05T13:34:59.735Z"}
{"level":"info","message":"onRequest - WORKSPACE_URI:file:///c%3A/Users/Ale/Desktop/Quinto%20Cuatrimestre/Programacion%20con%20objetos%201/PresentacionPersonal-AleRiobo","timestamp":"2025-04-05T13:34:59.762Z"}
{"level":"info","message":"⌛ Building environment","timeElapsed":171,"timestamp":"2025-04-05T13:34:59.938Z"}
{"level":"error","message":"✘ Could not produce symbols: document file:///c%3A/Users/Ale/Desktop/Quinto%20Cuatrimestre/Programacion%20con%20objetos%201/bolichito-AleRiobo/bolichito.wlk not found","timestamp":"2025-04-05T13:34:59.953Z"}
{"level":"error","message":"✘ Could not produce symbols: document file:///c%3A/Users/Ale/Desktop/Quinto%20Cuatrimestre/Programacion%20con%20objetos%201/bolichito-AleRiobo/bolichito.wlk not found","timestamp":"2025-04-05T13:34:59.956Z"}
{"level":"error","message":"✘ Could not produce symbols: document file:///c%3A/Users/Ale/Desktop/Quinto%20Cuatrimestre/Programacion%20con%20objetos%201/bolichito-AleRiobo/bolichito.wlk not found","timestamp":"2025-04-05T13:36:05.720Z"}
{"level":"error","message":"Could not find selection node for position {\"line\":0,\"character\":2} in text document file:///c%3A/Users/Ale/Desktop/Quinto%20Cuatrimestre/Programacion%20con%20objetos%201/bolichito-AleRiobo/bolichito.wlk","timestamp":"2025-04-05T13:36:05.875Z"}
{"level":"error","message":"Could not find selection node for position {\"line\":0,\"character\":3} in text document file:///c%3A/Users/Ale/Desktop/Quinto%20Cuatrimestre/Programacion%20con%20objetos%201/bolichito-AleRiobo/bolichito.wlk","timestamp":"2025-04-05T13:36:06.035Z"}
{"level":"error","message":"Could not find selection node for position {\"line\":0,\"character\":4} in text document file:///c%3A/Users/Ale/Desktop/Quinto%20Cuatrimestre/Programacion%20con%20objetos%201/bolichito-AleRiobo/bolichito.wlk","timestamp":"2025-04-05T13:36:06.125Z"}
{"level":"error","message":"Could not find selection node for position {\"line\":0,\"character\":5} in text document file:///c%3A/Users/Ale/Desktop/Quinto%20Cuatrimestre/Programacion%20con%20objetos%201/bolichito-AleRiobo/bolichito.wlk","timestamp":"2025-04-05T13:36:06.377Z"}
{"level":"error","message":"Could not find selection node for position {\"line\":0,\"character\":6} in text document file:///c%3A/Users/Ale/Desktop/Quinto%20Cuatrimestre/Programacion%20con%20objetos%201/bolichito-AleRiobo/bolichito.wlk","timestamp":"2025-04-05T13:36:06.552Z"}
{"level":"error","message":"✘ Could not produce symbols: document file:///c%3A/Users/Ale/Desktop/Quinto%20Cuatrimestre/Programacion%20con%20objetos%201/bolichito-AleRiobo/bolichito.wlk not found","timestamp":"2025-04-05T13:36:06.852Z"}
{"level":"error","message":"✘ Could not produce symbols: document file:///c%3A/Users/Ale/Desktop/Quinto%20Cuatrimestre/Programacion%20con%20objetos%201/bolichito-AleRiobo/bolichito.wlk not found","timestamp":"2025-04-05T13:36:07.520Z"}
{"level":"error","message":"Could not find selection node for position {\"line\":0,\"character\":8} in text document file:///c%3A/Users/Ale/Desktop/Quinto%20Cuatrimestre/Programacion%20con%20objetos%201/bolichito-AleRiobo/bolichito.wlk","timestamp":"2025-04-05T13:36:07.553Z"}
{"level":"error","message":"Could not find selection node for position {\"line\":0,\"character\":9} in text document file:///c%3A/Users/Ale/Desktop/Quinto%20Cuatrimestre/Programacion%20con%20objetos%201/bolichito-AleRiobo/bolichito.wlk","timestamp":"2025-04-05T13:36:07.691Z"}
{"level":"error","message":"Could not find selection node for position {\"line\":0,\"character\":10} in text document file:///c%3A/Users/Ale/Desktop/Quinto%20Cuatrimestre/Programacion%20con%20objetos%201/bolichito-AleRiobo/bolichito.wlk","timestamp":"2025-04-05T13:36:07.891Z"}
{"level":"error","message":"Could not find selection node for position {\"line\":0,\"character\":11} in text document file:///c%3A/Users/Ale/Desktop/Quinto%20Cuatrimestre/Programacion%20con%20objetos%201/bolichito-AleRiobo/bolichito.wlk","timestamp":"2025-04-05T13:36:08.023Z"}
{"level":"error","message":"✘ Could not produce symbols: document file:///c%3A/Users/Ale/Desktop/Quinto%20Cuatrimestre/Programacion%20con%20objetos%201/bolichito-AleRiobo/bolichito.wlk not found","timestamp":"2025-04-05T13:36:08.352Z"}
{"level":"error","message":"✘ Could not produce symbols: document file:///c%3A/Users/Ale/Desktop/Quinto%20Cuatrimestre/Programacion%20con%20objetos%201/bolichito-AleRiobo/bolichito.wlk not found","timestamp":"2025-04-05T13:36:08.655Z"}
{"level":"error","message":"✘ Could not produce symbols: document file:///c%3A/Users/Ale/Desktop/Quinto%20Cuatrimestre/Programacion%20con%20objetos%201/bolichito-AleRiobo/bolichito.wlk not found","timestamp":"2025-04-05T13:36:09.045Z"}
{"level":"error","message":"✘ Could not produce symbols: document file:///c%3A/Users/Ale/Desktop/Quinto%20Cuatrimestre/Programacion%20con%20objetos%201/bolichito-AleRiobo/bolichito.wlk not found","timestamp":"2025-04-05T13:36:09.055Z"}
{"level":"error","message":"✘ Could not produce symbols: document file:///c%3A/Users/Ale/Desktop/Quinto%20Cuatrimestre/Programacion%20con%20objetos%201/bolichito-AleRiobo/bolichito.wlk not found","timestamp":"2025-04-05T13:36:09.851Z"}
{"level":"error","message":"✘ Could not produce symbols: document file:///c%3A/Users/Ale/Desktop/Quinto%20Cuatrimestre/Programacion%20con%20objetos%201/bolichito-AleRiobo/bolichito.wlk not found","timestamp":"2025-04-05T13:36:09.857Z"}
{"level":"error","message":"✘ Could not produce symbols: document file:///c%3A/Users/Ale/Desktop/Quinto%20Cuatrimestre/Programacion%20con%20objetos%201/bolichito-AleRiobo/bolichito.wlk not found","timestamp":"2025-04-05T13:36:16.901Z"}
{"level":"error","message":"✘ Could not produce symbols: document file:///c%3A/Users/Ale/Desktop/Quinto%20Cuatrimestre/Programacion%20con%20objetos%201/bolichito-AleRiobo/bolichito.wlk not found","timestamp":"2025-04-05T13:36:17.219Z"}
{"level":"error","message":"✘ Could not produce symbols: document file:///c%3A/Users/Ale/Desktop/Quinto%20Cuatrimestre/Programacion%20con%20objetos%201/bolichito-AleRiobo/bolichito.wlk not found","timestamp":"2025-04-05T13:36:17.224Z"}
{"level":"error","message":"Could not find selection node for position {\"line\":0,\"character\":16} in text document file:///c%3A/Users/Ale/Desktop/Quinto%20Cuatrimestre/Programacion%20con%20objetos%201/bolichito-AleRiobo/bolichito.wlk","timestamp":"2025-04-05T13:36:18.965Z"}
{"level":"error","message":"✘ Could not produce symbols: document file:///c%3A/Users/Ale/Desktop/Quinto%20Cuatrimestre/Programacion%20con%20objetos%201/bolichito-AleRiobo/bolichito.wlk not found","timestamp":"2025-04-05T13:36:19.269Z"}
{"level":"error","message":"✘ Could not produce symbols: document file:///c%3A/Users/Ale/Desktop/Quinto%20Cuatrimestre/Programacion%20con%20objetos%201/bolichito-AleRiobo/bolichito.wlk not found","timestamp":"2025-04-05T13:36:19.273Z"}
{"level":"error","message":"✘ Could not produce symbols: document file:///c%3A/Users/Ale/Desktop/Quinto%20Cuatrimestre/Programacion%20con%20objetos%201/bolichito-AleRiobo/bolichito.wlk not found","timestamp":"2025-04-05T13:36:19.932Z"}
{"level":"error","message":"✘ Could not produce symbols: document file:///c%3A/Users/Ale/Desktop/Quinto%20Cuatrimestre/Programacion%20con%20objetos%201/bolichito-AleRiobo/bolichito.wlk not found","timestamp":"2025-04-05T13:36:19.936Z"}
{"level":"error","message":"Could not find selection node for position {\"line\":0,\"character\":19} in text document file:///c%3A/Users/Ale/Desktop/Quinto%20Cuatrimestre/Programacion%20con%20objetos%201/bolichito-AleRiobo/bolichito.wlk","timestamp":"2025-04-05T13:36:20.723Z"}
{"level":"error","message":"✘ Could not produce symbols: document file:///c%3A/Users/Ale/Desktop/Quinto%20Cuatrimestre/Programacion%20con%20objetos%201/bolichito-AleRiobo/bolichito.wlk not found","timestamp":"2025-04-05T13:36:21.045Z"}
{"level":"error","message":"✘ Could not produce symbols: document file:///c%3A/Users/Ale/Desktop/Quinto%20Cuatrimestre/Programacion%20con%20objetos%201/bolichito-AleRiobo/bolichito.wlk not found","timestamp":"2025-04-05T13:36:21.354Z"}
{"level":"error","message":"✘ Could not produce symbols: document file:///c%3A/Users/Ale/Desktop/Quinto%20Cuatrimestre/Programacion%20con%20objetos%201/bolichito-AleRiobo/bolichito.wlk not found","timestamp":"2025-04-05T13:36:21.358Z"}
{"level":"error","message":"Could not find selection node for position {\"line\":0,\"character\":21} in text document file:///c%3A/Users/Ale/Desktop/Quinto%20Cuatrimestre/Programacion%20con%20objetos%201/bolichito-AleRiobo/bolichito.wlk","timestamp":"2025-04-05T13:36:21.473Z"}
{"level":"error","message":"✘ Could not produce symbols: document file:///c%3A/Users/Ale/Desktop/Quinto%20Cuatrimestre/Programacion%20con%20objetos%201/bolichito-AleRiobo/bolichito.wlk not found","timestamp":"2025-04-05T13:36:21.773Z"}
{"level":"error","message":"✘ Could not produce symbols: document file:///c%3A/Users/Ale/Desktop/Quinto%20Cuatrimestre/Programacion%20con%20objetos%201/bolichito-AleRiobo/bolichito.wlk not found","timestamp":"2025-04-05T13:36:21.776Z"}
{"level":"error","message":"✘ Could not produce symbols: document file:///c%3A/Users/Ale/Desktop/Quinto%20Cuatrimestre/Programacion%20con%20objetos%201/bolichito-AleRiobo/bolichito.wlk not found","timestamp":"2025-04-05T13:36:26.353Z"}
{"level":"error","message":"✘ Could not produce symbols: document file:///c%3A/Users/Ale/Desktop/Quinto%20Cuatrimestre/Programacion%20con%20objetos%201/bolichito-AleRiobo/bolichito.wlk not found","timestamp":"2025-04-05T13:36:26.356Z"}
{"level":"error","message":"✘ Could not produce symbols: document file:///c%3A/Users/Ale/Desktop/Quinto%20Cuatrimestre/Programacion%20con%20objetos%201/bolichito-AleRiobo/bolichito.wlk not found","timestamp":"2025-04-05T13:36:27.396Z"}
{"level":"error","message":"✘ Could not produce symbols: document file:///c%3A/Users/Ale/Desktop/Quinto%20Cuatrimestre/Programacion%20con%20objetos%201/bolichito-AleRiobo/bolichito.wlk not found","timestamp":"2025-04-05T13:36:27.406Z"}
{"level":"error","message":"✘ Could not produce symbols: document file:///c%3A/Users/Ale/Desktop/Quinto%20Cuatrimestre/Programacion%20con%20objetos%201/bolichito-AleRiobo/bolichito.wlk not found","timestamp":"2025-04-05T13:36:28.107Z"}
{"level":"error","message":"✘ Could not produce symbols: document file:///c%3A/Users/Ale/Desktop/Quinto%20Cuatrimestre/Programacion%20con%20objetos%201/bolichito-AleRiobo/bolichito.wlk not found","timestamp":"2025-04-05T13:36:28.118Z"}
{"level":"error","message":"✘ Could not produce symbols: document file:///c%3A/Users/Ale/Desktop/Quinto%20Cuatrimestre/Programacion%20con%20objetos%201/bolichito-AleRiobo/bolichito.wlk not found","timestamp":"2025-04-05T13:36:28.972Z"}
{"level":"error","message":"✘ Could not produce symbols: document file:///c%3A/Users/Ale/Desktop/Quinto%20Cuatrimestre/Programacion%20con%20objetos%201/bolichito-AleRiobo/bolichito.wlk not found","timestamp":"2025-04-05T13:36:28.979Z"}
{"level":"error","message":"✘ Could not produce symbols: document file:///c%3A/Users/Ale/Desktop/Quinto%20Cuatrimestre/Programacion%20con%20objetos%201/bolichito-AleRiobo/bolichito.wlk not found","timestamp":"2025-04-05T13:36:29.586Z"}
{"level":"error","message":"✘ Could not produce symbols: document file:///c%3A/Users/Ale/Desktop/Quinto%20Cuatrimestre/Programacion%20con%20objetos%201/bolichito-AleRiobo/bolichito.wlk not found","timestamp":"2025-04-05T13:36:29.903Z"}
{"level":"error","message":"✘ Could not produce symbols: document file:///c%3A/Users/Ale/Desktop/Quinto%20Cuatrimestre/Programacion%20con%20objetos%201/bolichito-AleRiobo/bolichito.wlk not found","timestamp":"2025-04-05T13:36:29.906Z"}
{"level":"error","message":"✘ Could not produce symbols: document file:///c%3A/Users/Ale/Desktop/Quinto%20Cuatrimestre/Programacion%20con%20objetos%201/bolichito-AleRiobo/bolichito.wlk not found","timestamp":"2025-04-05T13:36:31.670Z"}
{"level":"error","message":"✘ Could not produce symbols: document file:///c%3A/Users/Ale/Desktop/Quinto%20Cuatrimestre/Programacion%20con%20objetos%201/bolichito-AleRiobo/bolichito.wlk not found","timestamp":"2025-04-05T13:36:31.675Z"}
{"level":"error","message":"✘ Could not produce symbols: document file:///c%3A/Users/Ale/Desktop/Quinto%20Cuatrimestre/Programacion%20con%20objetos%201/bolichito-AleRiobo/bolichito.wlk not found","timestamp":"2025-04-05T13:36:40.886Z"}
{"level":"error","message":"✘ Could not produce symbols: document file:///c%3A/Users/Ale/Desktop/Quinto%20Cuatrimestre/Programacion%20con%20objetos%201/bolichito-AleRiobo/bolichito.wlk not found","timestamp":"2025-04-05T13:36:40.891Z"}
{"level":"error","message":"✘ Could not produce symbols: document file:///c%3A/Users/Ale/Desktop/Quinto%20Cuatrimestre/Programacion%20con%20objetos%201/bolichito-AleRiobo/bolichito.wlk not found","timestamp":"2025-04-05T13:36:41.536Z"}
{"level":"error","message":"✘ Could not produce symbols: document file:///c%3A/Users/Ale/Desktop/Quinto%20Cuatrimestre/Programacion%20con%20objetos%201/bolichito-AleRiobo/bolichito.wlk not found","timestamp":"2025-04-05T13:36:41.542Z"}
{"level":"error","message":"Could not find selection node for position {\"line\":4,\"character\":1} in text document file:///c%3A/Users/Ale/Desktop/Quinto%20Cuatrimestre/Programacion%20con%20objetos%201/bolichito-AleRiobo/bolichito.wlk","timestamp":"2025-04-05T13:36:42.112Z"}
{"level":"error","message":"✘ Could not produce symbols: document file:///c%3A/Users/Ale/Desktop/Quinto%20Cuatrimestre/Programacion%20con%20objetos%201/bolichito-AleRiobo/bolichito.wlk not found","timestamp":"2025-04-05T13:36:43.432Z"}
{"level":"error","message":"✘ Could not produce symbols: document file:///c%3A/Users/Ale/Desktop/Quinto%20Cuatrimestre/Programacion%20con%20objetos%201/bolichito-AleRiobo/bolichito.wlk not found","timestamp":"2025-04-05T13:36:43.436Z"}
{"level":"error","message":"Could not find selection node for position {\"line\":4,\"character\":8} in text document file:///c%3A/Users/Ale/Desktop/Quinto%20Cuatrimestre/Programacion%20con%20objetos%201/bolichito-AleRiobo/bolichito.wlk","timestamp":"2025-04-05T13:36:44.540Z"}
{"level":"error","message":"Could not find selection node for position {\"line\":4,\"character\":9} in text document file:///c%3A/Users/Ale/Desktop/Quinto%20Cuatrimestre/Programacion%20con%20objetos%201/bolichito-AleRiobo/bolichito.wlk","timestamp":"2025-04-05T13:36:44.596Z"}
{"level":"error","message":"Could not find selection node for position {\"line\":4,\"character\":10} in text document file:///c%3A/Users/Ale/Desktop/Quinto%20Cuatrimestre/Programacion%20con%20objetos%201/bolichito-AleRiobo/bolichito.wlk","timestamp":"2025-04-05T13:36:44.891Z"}
{"level":"error","message":"Could not find selection node for position {\"line\":4,\"character\":11} in text document file:///c%3A/Users/Ale/Desktop/Quinto%20Cuatrimestre/Programacion%20con%20objetos%201/bolichito-AleRiobo/bolichito.wlk","timestamp":"2025-04-05T13:36:45.056Z"}
{"level":"error","message":"Could not find selection node for position {\"line\":4,\"character\":12} in text document file:///c%3A/Users/Ale/Desktop/Quinto%20Cuatrimestre/Programacion%20con%20objetos%201/bolichito-AleRiobo/bolichito.wlk","timestamp":"2025-04-05T13:36:45.225Z"}
{"level":"error","message":"✘ Could not produce symbols: document file:///c%3A/Users/Ale/Desktop/Quinto%20Cuatrimestre/Programacion%20con%20objetos%201/bolichito-AleRiobo/bolichito.wlk not found","timestamp":"2025-04-05T13:36:45.525Z"}
{"level":"error","message":"✘ Could not produce symbols: document file:///c%3A/Users/Ale/Desktop/Quinto%20Cuatrimestre/Programacion%20con%20objetos%201/bolichito-AleRiobo/bolichito.wlk not found","timestamp":"2025-04-05T13:36:45.528Z"}
{"level":"error","message":"Could not find selection node for position {\"line\":4,\"character\":13} in text document file:///c%3A/Users/Ale/Desktop/Quinto%20Cuatrimestre/Programacion%20con%20objetos%201/bolichito-AleRiobo/bolichito.wlk","timestamp":"2025-04-05T13:36:45.609Z"}
{"level":"error","message":"✘ Could not produce symbols: document file:///c%3A/Users/Ale/Desktop/Quinto%20Cuatrimestre/Programacion%20con%20objetos%201/bolichito-AleRiobo/bolichito.wlk not found","timestamp":"2025-04-05T13:36:45.922Z"}
{"level":"error","message":"✘ Could not produce symbols: document file:///c%3A/Users/Ale/Desktop/Quinto%20Cuatrimestre/Programacion%20con%20objetos%201/bolichito-AleRiobo/bolichito.wlk not found","timestamp":"2025-04-05T13:36:45.925Z"}
{"level":"error","message":"✘ Could not produce symbols: document file:///c%3A/Users/Ale/Desktop/Quinto%20Cuatrimestre/Programacion%20con%20objetos%201/bolichito-AleRiobo/bolichito.wlk not found","timestamp":"2025-04-05T13:36:46.403Z"}
{"level":"error","message":"✘ Could not produce symbols: document file:///c%3A/Users/Ale/Desktop/Quinto%20Cuatrimestre/Programacion%20con%20objetos%201/bolichito-AleRiobo/bolichito.wlk not found","timestamp":"2025-04-05T13:36:46.410Z"}
{"level":"error","message":"✘ Could not produce symbols: document file:///c%3A/Users/Ale/Desktop/Quinto%20Cuatrimestre/Programacion%20con%20objetos%201/bolichito-AleRiobo/bolichito.wlk not found","timestamp":"2025-04-05T13:36:47.476Z"}
{"level":"error","message":"✘ Could not produce symbols: document file:///c%3A/Users/Ale/Desktop/Quinto%20Cuatrimestre/Programacion%20con%20objetos%201/bolichito-AleRiobo/bolichito.wlk not found","timestamp":"2025-04-05T13:36:47.478Z"}
{"level":"error","message":"✘ Could not produce symbols: document file:///c%3A/Users/Ale/Desktop/Quinto%20Cuatrimestre/Programacion%20con%20objetos%201/bolichito-AleRiobo/bolichito.wlk not found","timestamp":"2025-04-05T13:36:48.012Z"}
{"level":"error","message":"✘ Could not produce symbols: document file:///c%3A/Users/Ale/Desktop/Quinto%20Cuatrimestre/Programacion%20con%20objetos%201/bolichito-AleRiobo/bolichito.wlk not found","timestamp":"2025-04-05T13:36:48.021Z"}
{"level":"error","message":"✘ Could not produce symbols: document file:///c%3A/Users/Ale/Desktop/Quinto%20Cuatrimestre/Programacion%20con%20objetos%201/bolichito-AleRiobo/bolichito.wlk not found","timestamp":"2025-04-05T13:36:50.082Z"}
{"level":"error","message":"✘ Could not produce symbols: document file:///c%3A/Users/Ale/Desktop/Quinto%20Cuatrimestre/Programacion%20con%20objetos%201/bolichito-AleRiobo/bolichito.wlk not found","timestamp":"2025-04-05T13:36:50.086Z"}
{"level":"error","message":"✘ Could not produce symbols: document file:///c%3A/Users/Ale/Desktop/Quinto%20Cuatrimestre/Programacion%20con%20objetos%201/bolichito-AleRiobo/bolichito.wlk not found","timestamp":"2025-04-05T13:36:51.204Z"}
{"level":"error","message":"✘ Could not produce symbols: document file:///c%3A/Users/Ale/Desktop/Quinto%20Cuatrimestre/Programacion%20con%20objetos%201/bolichito-AleRiobo/bolichito.wlk not found","timestamp":"2025-04-05T13:36:51.207Z"}
{"level":"error","message":"✘ Could not produce symbols: document file:///c%3A/Users/Ale/Desktop/Quinto%20Cuatrimestre/Programacion%20con%20objetos%201/bolichito-AleRiobo/bolichito.wlk not found","timestamp":"2025-04-05T13:36:53.014Z"}
{"level":"error","message":"✘ Could not produce symbols: document file:///c%3A/Users/Ale/Desktop/Quinto%20Cuatrimestre/Programacion%20con%20objetos%201/bolichito-AleRiobo/bolichito.wlk not found","timestamp":"2025-04-05T13:36:53.029Z"}
{"level":"error","message":"✘ Could not produce symbols: document file:///c%3A/Users/Ale/Desktop/Quinto%20Cuatrimestre/Programacion%20con%20objetos%201/bolichito-AleRiobo/bolichito.wlk not found","timestamp":"2025-04-05T13:36:54.340Z"}
{"level":"error","message":"✘ Could not produce symbols: document file:///c%3A/Users/Ale/Desktop/Quinto%20Cuatrimestre/Programacion%20con%20objetos%201/bolichito-AleRiobo/bolichito.wlk not found","timestamp":"2025-04-05T13:36:54.343Z"}
{"level":"error","message":"Could not find selection node for position {\"line\":8,\"character\":1} in text document file:///c%3A/Users/Ale/Desktop/Quinto%20Cuatrimestre/Programacion%20con%20objetos%201/bolichito-AleRiobo/bolichito.wlk","timestamp":"2025-04-05T13:36:55.051Z"}
{"level":"error","message":"✘ Could not produce symbols: document file:///c%3A/Users/Ale/Desktop/Quinto%20Cuatrimestre/Programacion%20con%20objetos%201/bolichito-AleRiobo/bolichito.wlk not found","timestamp":"2025-04-05T13:36:56.304Z"}
{"level":"error","message":"✘ Could not produce symbols: document file:///c%3A/Users/Ale/Desktop/Quinto%20Cuatrimestre/Programacion%20con%20objetos%201/bolichito-AleRiobo/bolichito.wlk not found","timestamp":"2025-04-05T13:36:56.307Z"}
{"level":"error","message":"✘ Could not produce symbols: document file:///c%3A/Users/Ale/Desktop/Quinto%20Cuatrimestre/Programacion%20con%20objetos%201/bolichito-AleRiobo/bolichito.wlk not found","timestamp":"2025-04-05T13:37:05.112Z"}
{"level":"error","message":"✘ Could not produce symbols: document file:///c%3A/Users/Ale/Desktop/Quinto%20Cuatrimestre/Programacion%20con%20objetos%201/bolichito-AleRiobo/bolichito.wlk not found","timestamp":"2025-04-05T13:37:05.129Z"}
{"level":"error","message":"Could not find selection node for position {\"line\":1,\"character\":5} in text document file:///c%3A/Users/Ale/Desktop/Quinto%20Cuatrimestre/Programacion%20con%20objetos%201/bolichito-AleRiobo/bolichito.wlk","timestamp":"2025-04-05T13:37:05.226Z"}
{"level":"error","message":"Could not find selection node for position {\"line\":1,\"character\":6} in text document file:///c%3A/Users/Ale/Desktop/Quinto%20Cuatrimestre/Programacion%20con%20objetos%201/bolichito-AleRiobo/bolichito.wlk","timestamp":"2025-04-05T13:37:05.369Z"}
{"level":"error","message":"Could not find selection node for position {\"line\":1,\"character\":7} in text document file:///c%3A/Users/Ale/Desktop/Quinto%20Cuatrimestre/Programacion%20con%20objetos%201/bolichito-AleRiobo/bolichito.wlk","timestamp":"2025-04-05T13:37:05.637Z"}
{"level":"error","message":"Could not find selection node for position {\"line\":1,\"character\":8} in text document file:///c%3A/Users/Ale/Desktop/Quinto%20Cuatrimestre/Programacion%20con%20objetos%201/bolichito-AleRiobo/bolichito.wlk","timestamp":"2025-04-05T13:37:05.800Z"}
{"level":"error","message":"✘ Could not produce symbols: document file:///c%3A/Users/Ale/Desktop/Quinto%20Cuatrimestre/Programacion%20con%20objetos%201/bolichito-AleRiobo/bolichito.wlk not found","timestamp":"2025-04-05T13:37:06.113Z"}
{"level":"error","message":"✘ Could not produce symbols: document file:///c%3A/Users/Ale/Desktop/Quinto%20Cuatrimestre/Programacion%20con%20objetos%201/bolichito-AleRiobo/bolichito.wlk not found","timestamp":"2025-04-05T13:37:06.121Z"}
{"level":"error","message":"Could not find selection node for position {\"line\":1,\"character\":9} in text document file:///c%3A/Users/Ale/Desktop/Quinto%20Cuatrimestre/Programacion%20con%20objetos%201/bolichito-AleRiobo/bolichito.wlk","timestamp":"2025-04-05T13:37:07.210Z"}
{"level":"error","message":"Could not find selection node for position {\"line\":1,\"character\":10} in text document file:///c%3A/Users/Ale/Desktop/Quinto%20Cuatrimestre/Programacion%20con%20objetos%201/bolichito-AleRiobo/bolichito.wlk","timestamp":"2025-04-05T13:37:07.360Z"}
{"level":"error","message":"✘ Could not produce symbols: document file:///c%3A/Users/Ale/Desktop/Quinto%20Cuatrimestre/Programacion%20con%20objetos%201/bolichito-AleRiobo/bolichito.wlk not found","timestamp":"2025-04-05T13:37:07.673Z"}
{"level":"error","message":"✘ Could not produce symbols: document file:///c%3A/Users/Ale/Desktop/Quinto%20Cuatrimestre/Programacion%20con%20objetos%201/bolichito-AleRiobo/bolichito.wlk not found","timestamp":"2025-04-05T13:37:07.676Z"}
{"level":"error","message":"✘ Could not produce symbols: document file:///c%3A/Users/Ale/Desktop/Quinto%20Cuatrimestre/Programacion%20con%20objetos%201/bolichito-AleRiobo/bolichito.wlk not found","timestamp":"2025-04-05T13:37:08.111Z"}
{"level":"error","message":"✘ Could not produce symbols: document file:///c%3A/Users/Ale/Desktop/Quinto%20Cuatrimestre/Programacion%20con%20objetos%201/bolichito-AleRiobo/bolichito.wlk not found","timestamp":"2025-04-05T13:37:08.113Z"}
{"level":"error","message":"Could not find selection node for position {\"line\":1,\"character\":12} in text document file:///c%3A/Users/Ale/Desktop/Quinto%20Cuatrimestre/Programacion%20con%20objetos%201/bolichito-AleRiobo/bolichito.wlk","timestamp":"2025-04-05T13:37:08.392Z"}
{"level":"error","message":"Could not find selection node for position {\"line\":1,\"character\":13} in text document file:///c%3A/Users/Ale/Desktop/Quinto%20Cuatrimestre/Programacion%20con%20objetos%201/bolichito-AleRiobo/bolichito.wlk","timestamp":"2025-04-05T13:37:08.493Z"}
{"level":"error","message":"Could not find selection node for position {\"line\":1,\"character\":14} in text document file:///c%3A/Users/Ale/Desktop/Quinto%20Cuatrimestre/Programacion%20con%20objetos%201/bolichito-AleRiobo/bolichito.wlk","timestamp":"2025-04-05T13:37:08.588Z"}
{"level":"error","message":"Could not find selection node for position {\"line\":1,\"character\":15} in text document file:///c%3A/Users/Ale/Desktop/Quinto%20Cuatrimestre/Programacion%20con%20objetos%201/bolichito-AleRiobo/bolichito.wlk","timestamp":"2025-04-05T13:37:08.762Z"}
{"level":"error","message":"Could not find selection node for position {\"line\":1,\"character\":16} in text document file:///c%3A/Users/Ale/Desktop/Quinto%20Cuatrimestre/Programacion%20con%20objetos%201/bolichito-AleRiobo/bolichito.wlk","timestamp":"2025-04-05T13:37:08.966Z"}
{"level":"error","message":"✘ Could not produce symbols: document file:///c%3A/Users/Ale/Desktop/Quinto%20Cuatrimestre/Programacion%20con%20objetos%201/bolichito-AleRiobo/bolichito.wlk not found","timestamp":"2025-04-05T13:37:09.271Z"}
{"level":"error","message":"✘ Could not produce symbols: document file:///c%3A/Users/Ale/Desktop/Quinto%20Cuatrimestre/Programacion%20con%20objetos%201/bolichito-AleRiobo/bolichito.wlk not found","timestamp":"2025-04-05T13:37:09.279Z"}
{"level":"error","message":"Could not find selection node for position {\"line\":1,\"character\":16} in text document file:///c%3A/Users/Ale/Desktop/Quinto%20Cuatrimestre/Programacion%20con%20objetos%201/bolichito-AleRiobo/bolichito.wlk","timestamp":"2025-04-05T13:37:09.695Z"}
{"level":"error","message":"Could not find selection node for position {\"line\":1,\"character\":17} in text document file:///c%3A/Users/Ale/Desktop/Quinto%20Cuatrimestre/Programacion%20con%20objetos%201/bolichito-AleRiobo/bolichito.wlk","timestamp":"2025-04-05T13:37:09.789Z"}
{"level":"error","message":"✘ Could not produce symbols: document file:///c%3A/Users/Ale/Desktop/Quinto%20Cuatrimestre/Programacion%20con%20objetos%201/bolichito-AleRiobo/bolichito.wlk not found","timestamp":"2025-04-05T13:37:10.105Z"}
{"level":"error","message":"✘ Could not produce symbols: document file:///c%3A/Users/Ale/Desktop/Quinto%20Cuatrimestre/Programacion%20con%20objetos%201/bolichito-AleRiobo/bolichito.wlk not found","timestamp":"2025-04-05T13:37:10.108Z"}
{"level":"error","message":"✘ Could not produce symbols: document file:///c%3A/Users/Ale/Desktop/Quinto%20Cuatrimestre/Programacion%20con%20objetos%201/bolichito-AleRiobo/bolichito.wlk not found","timestamp":"2025-04-05T13:37:22.993Z"}
{"level":"error","message":"✘ Could not produce symbols: document file:///c%3A/Users/Ale/Desktop/Quinto%20Cuatrimestre/Programacion%20con%20objetos%201/bolichito-AleRiobo/bolichito.wlk not found","timestamp":"2025-04-05T13:37:23.004Z"}
{"level":"error","message":"✘ Could not produce symbols: document file:///c%3A/Users/Ale/Desktop/Quinto%20Cuatrimestre/Programacion%20con%20objetos%201/bolichito-AleRiobo/bolichito.wlk not found","timestamp":"2025-04-05T13:37:23.694Z"}
{"level":"error","message":"✘ Could not produce symbols: document file:///c%3A/Users/Ale/Desktop/Quinto%20Cuatrimestre/Programacion%20con%20objetos%201/bolichito-AleRiobo/bolichito.wlk not found","timestamp":"2025-04-05T13:37:23.700Z"}
{"level":"error","message":"✘ Could not produce symbols: document file:///c%3A/Users/Ale/Desktop/Quinto%20Cuatrimestre/Programacion%20con%20objetos%201/bolichito-AleRiobo/bolichito.wlk not found","timestamp":"2025-04-05T13:37:24.855Z"}
{"level":"error","message":"✘ Could not produce symbols: document file:///c%3A/Users/Ale/Desktop/Quinto%20Cuatrimestre/Programacion%20con%20objetos%201/bolichito-AleRiobo/bolichito.wlk not found","timestamp":"2025-04-05T13:37:24.862Z"}
{"level":"error","message":"✘ Could not produce symbols: document file:///c%3A/Users/Ale/Desktop/Quinto%20Cuatrimestre/Programacion%20con%20objetos%201/bolichito-AleRiobo/bolichito.wlk not found","timestamp":"2025-04-05T13:37:25.540Z"}
{"level":"error","message":"✘ Could not produce symbols: document file:///c%3A/Users/Ale/Desktop/Quinto%20Cuatrimestre/Programacion%20con%20objetos%201/bolichito-AleRiobo/bolichito.wlk not found","timestamp":"2025-04-05T13:37:25.543Z"}
{"level":"error","message":"✘ Could not produce symbols: document file:///c%3A/Users/Ale/Desktop/Quinto%20Cuatrimestre/Programacion%20con%20objetos%201/bolichito-AleRiobo/bolichito.wlk not found","timestamp":"2025-04-05T13:37:28.719Z"}
{"level":"error","message":"✘ Could not produce symbols: document file:///c%3A/Users/Ale/Desktop/Quinto%20Cuatrimestre/Programacion%20con%20objetos%201/bolichito-AleRiobo/bolichito.wlk not found","timestamp":"2025-04-05T13:37:28.725Z"}
{"level":"error","message":"Could not find selection node for position {\"line\":1,\"character\":20} in text document file:///c%3A/Users/Ale/Desktop/Quinto%20Cuatrimestre/Programacion%20con%20objetos%201/bolichito-AleRiobo/bolichito.wlk","timestamp":"2025-04-05T13:37:31.537Z"}
{"level":"error","message":"✘ Could not produce symbols: document file:///c%3A/Users/Ale/Desktop/Quinto%20Cuatrimestre/Programacion%20con%20objetos%201/bolichito-AleRiobo/bolichito.wlk not found","timestamp":"2025-04-05T13:37:31.824Z"}
{"level":"error","message":"✘ Could not produce symbols: document file:///c%3A/Users/Ale/Desktop/Quinto%20Cuatrimestre/Programacion%20con%20objetos%201/bolichito-AleRiobo/bolichito.wlk not found","timestamp":"2025-04-05T13:37:31.828Z"}
{"level":"error","message":"✘ Could not produce symbols: document file:///c%3A/Users/Ale/Desktop/Quinto%20Cuatrimestre/Programacion%20con%20objetos%201/bolichito-AleRiobo/bolichito.wlk not found","timestamp":"2025-04-05T13:37:32.507Z"}
{"level":"error","message":"✘ Could not produce symbols: document file:///c%3A/Users/Ale/Desktop/Quinto%20Cuatrimestre/Programacion%20con%20objetos%201/bolichito-AleRiobo/bolichito.wlk not found","timestamp":"2025-04-05T13:37:32.511Z"}
{"level":"error","message":"✘ Could not produce symbols: document file:///c%3A/Users/Ale/Desktop/Quinto%20Cuatrimestre/Programacion%20con%20objetos%201/bolichito-AleRiobo/bolichito.wlk not found","timestamp":"2025-04-05T13:37:33.041Z"}
{"level":"error","message":"✘ Could not produce symbols: document file:///c%3A/Users/Ale/Desktop/Quinto%20Cuatrimestre/Programacion%20con%20objetos%201/bolichito-AleRiobo/bolichito.wlk not found","timestamp":"2025-04-05T13:37:33.044Z"}
{"level":"error","message":"✘ Could not produce symbols: document file:///c%3A/Users/Ale/Desktop/Quinto%20Cuatrimestre/Programacion%20con%20objetos%201/bolichito-AleRiobo/bolichito.wlk not found","timestamp":"2025-04-05T13:37:33.577Z"}
{"level":"error","message":"✘ Could not produce symbols: document file:///c%3A/Users/Ale/Desktop/Quinto%20Cuatrimestre/Programacion%20con%20objetos%201/bolichito-AleRiobo/bolichito.wlk not found","timestamp":"2025-04-05T13:37:33.585Z"}
{"level":"error","message":"✘ Could not produce symbols: document file:///c%3A/Users/Ale/Desktop/Quinto%20Cuatrimestre/Programacion%20con%20objetos%201/bolichito-AleRiobo/bolichito.wlk not found","timestamp":"2025-04-05T13:37:34.646Z"}
{"level":"error","message":"✘ Could not produce symbols: document file:///c%3A/Users/Ale/Desktop/Quinto%20Cuatrimestre/Programacion%20con%20objetos%201/bolichito-AleRiobo/bolichito.wlk not found","timestamp":"2025-04-05T13:37:34.651Z"}
{"level":"error","message":"✘ Could not produce symbols: document file:///c%3A/Users/Ale/Desktop/Quinto%20Cuatrimestre/Programacion%20con%20objetos%201/bolichito-AleRiobo/bolichito.wlk not found","timestamp":"2025-04-05T13:37:49.225Z"}
{"level":"error","message":"✘ Could not produce symbols: document file:///c%3A/Users/Ale/Desktop/Quinto%20Cuatrimestre/Programacion%20con%20objetos%201/bolichito-AleRiobo/bolichito.wlk not found","timestamp":"2025-04-05T13:37:49.229Z"}
{"level":"error","message":"✘ Could not produce symbols: document file:///c%3A/Users/Ale/Desktop/Quinto%20Cuatrimestre/Programacion%20con%20objetos%201/bolichito-AleRiobo/bolichito.wlk not found","timestamp":"2025-04-05T13:37:50.367Z"}
{"level":"error","message":"✘ Could not produce symbols: document file:///c%3A/Users/Ale/Desktop/Quinto%20Cuatrimestre/Programacion%20con%20objetos%201/bolichito-AleRiobo/bolichito.wlk not found","timestamp":"2025-04-05T13:37:50.369Z"}
{"level":"error","message":"Could not find selection node for position {\"line\":1,\"character\":23} in text document file:///c%3A/Users/Ale/Desktop/Quinto%20Cuatrimestre/Programacion%20con%20objetos%201/bolichito-AleRiobo/bolichito.wlk","timestamp":"2025-04-05T13:37:50.776Z"}
{"level":"error","message":"Could not find selection node for position {\"line\":1,\"character\":24} in text document file:///c%3A/Users/Ale/Desktop/Quinto%20Cuatrimestre/Programacion%20con%20objetos%201/bolichito-AleRiobo/bolichito.wlk","timestamp":"2025-04-05T13:37:50.930Z"}
{"level":"error","message":"Could not find selection node for position {\"line\":1,\"character\":25} in text document file:///c%3A/Users/Ale/Desktop/Quinto%20Cuatrimestre/Programacion%20con%20objetos%201/bolichito-AleRiobo/bolichito.wlk","timestamp":"2025-04-05T13:37:51.198Z"}
{"level":"error","message":"Could not find selection node for position {\"line\":1,\"character\":26} in text document file:///c%3A/Users/Ale/Desktop/Quinto%20Cuatrimestre/Programacion%20con%20objetos%201/bolichito-AleRiobo/bolichito.wlk","timestamp":"2025-04-05T13:37:51.353Z"}
{"level":"error","message":"✘ Could not produce symbols: document file:///c%3A/Users/Ale/Desktop/Quinto%20Cuatrimestre/Programacion%20con%20objetos%201/bolichito-AleRiobo/bolichito.wlk not found","timestamp":"2025-04-05T13:37:51.658Z"}
{"level":"error","message":"✘ Could not produce symbols: document file:///c%3A/Users/Ale/Desktop/Quinto%20Cuatrimestre/Programacion%20con%20objetos%201/bolichito-AleRiobo/bolichito.wlk not found","timestamp":"2025-04-05T13:37:51.662Z"}
{"level":"error","message":"✘ Could not produce symbols: document file:///c%3A/Users/Ale/Desktop/Quinto%20Cuatrimestre/Programacion%20con%20objetos%201/bolichito-AleRiobo/bolichito.wlk not found","timestamp":"2025-04-05T13:38:09.661Z"}
{"level":"error","message":"✘ Could not produce symbols: document file:///c%3A/Users/Ale/Desktop/Quinto%20Cuatrimestre/Programacion%20con%20objetos%201/bolichito-AleRiobo/bolichito.wlk not found","timestamp":"2025-04-05T13:38:09.665Z"}
{"level":"error","message":"✘ Could not produce symbols: document file:///c%3A/Users/Ale/Desktop/Quinto%20Cuatrimestre/Programacion%20con%20objetos%201/bolichito-AleRiobo/bolichito.wlk not found","timestamp":"2025-04-05T13:38:14.843Z"}
{"level":"error","message":"✘ Could not produce symbols: document file:///c%3A/Users/Ale/Desktop/Quinto%20Cuatrimestre/Programacion%20con%20objetos%201/bolichito-AleRiobo/bolichito.wlk not found","timestamp":"2025-04-05T13:38:14.849Z"}
{"level":"error","message":"✘ Could not produce symbols: document file:///c%3A/Users/Ale/Desktop/Quinto%20Cuatrimestre/Programacion%20con%20objetos%201/bolichito-AleRiobo/bolichito.wlk not found","timestamp":"2025-04-05T13:38:18.745Z"}
{"level":"error","message":"✘ Could not produce symbols: document file:///c%3A/Users/Ale/Desktop/Quinto%20Cuatrimestre/Programacion%20con%20objetos%201/bolichito-AleRiobo/bolichito.wlk not found","timestamp":"2025-04-05T13:38:18.748Z"}
{"level":"error","message":"✘ Could not produce symbols: document file:///c%3A/Users/Ale/Desktop/Quinto%20Cuatrimestre/Programacion%20con%20objetos%201/bolichito-AleRiobo/bolichito.wlk not found","timestamp":"2025-04-05T13:38:19.599Z"}
{"level":"error","message":"✘ Could not produce symbols: document file:///c%3A/Users/Ale/Desktop/Quinto%20Cuatrimestre/Programacion%20con%20objetos%201/bolichito-AleRiobo/bolichito.wlk not found","timestamp":"2025-04-05T13:38:19.602Z"}
{"level":"error","message":"✘ Could not produce symbols: document file:///c%3A/Users/Ale/Desktop/Quinto%20Cuatrimestre/Programacion%20con%20objetos%201/bolichito-AleRiobo/bolichito.wlk not found","timestamp":"2025-04-05T13:38:20.006Z"}
{"level":"error","message":"✘ Could not produce symbols: document file:///c%3A/Users/Ale/Desktop/Quinto%20Cuatrimestre/Programacion%20con%20objetos%201/bolichito-AleRiobo/bolichito.wlk not found","timestamp":"2025-04-05T13:38:20.014Z"}
{"level":"error","message":"Could not find selection node for position {\"line\":7,\"character\":19} in text document file:///c%3A/Users/Ale/Desktop/Quinto%20Cuatrimestre/Programacion%20con%20objetos%201/bolichito-AleRiobo/bolichito.wlk","timestamp":"2025-04-05T13:38:20.268Z"}
{"level":"error","message":"Could not find selection node for position {\"line\":7,\"character\":20} in text document file:///c%3A/Users/Ale/Desktop/Quinto%20Cuatrimestre/Programacion%20con%20objetos%201/bolichito-AleRiobo/bolichito.wlk","timestamp":"2025-04-05T13:38:20.436Z"}
{"level":"error","message":"Could not find selection node for position {\"line\":7,\"character\":21} in text document file:///c%3A/Users/Ale/Desktop/Quinto%20Cuatrimestre/Programacion%20con%20objetos%201/bolichito-AleRiobo/bolichito.wlk","timestamp":"2025-04-05T13:38:20.656Z"}
{"level":"error","message":"Could not find selection node for position {\"line\":7,\"character\":22} in text document file:///c%3A/Users/Ale/Desktop/Quinto%20Cuatrimestre/Programacion%20con%20objetos%201/bolichito-AleRiobo/bolichito.wlk","timestamp":"2025-04-05T13:38:20.933Z"}
{"level":"error","message":"Could not find selection node for position {\"line\":7,\"character\":23} in text document file:///c%3A/Users/Ale/Desktop/Quinto%20Cuatrimestre/Programacion%20con%20objetos%201/bolichito-AleRiobo/bolichito.wlk","timestamp":"2025-04-05T13:38:21.072Z"}
{"level":"error","message":"✘ Could not produce symbols: document file:///c%3A/Users/Ale/Desktop/Quinto%20Cuatrimestre/Programacion%20con%20objetos%201/bolichito-AleRiobo/bolichito.wlk not found","timestamp":"2025-04-05T13:38:21.423Z"}
{"level":"error","message":"✘ Could not produce symbols: document file:///c%3A/Users/Ale/Desktop/Quinto%20Cuatrimestre/Programacion%20con%20objetos%201/bolichito-AleRiobo/bolichito.wlk not found","timestamp":"2025-04-05T13:38:21.735Z"}
{"level":"error","message":"✘ Could not produce symbols: document file:///c%3A/Users/Ale/Desktop/Quinto%20Cuatrimestre/Programacion%20con%20objetos%201/bolichito-AleRiobo/bolichito.wlk not found","timestamp":"2025-04-05T13:38:21.737Z"}
{"level":"error","message":"✘ Could not produce symbols: document file:///c%3A/Users/Ale/Desktop/Quinto%20Cuatrimestre/Programacion%20con%20objetos%201/bolichito-AleRiobo/bolichito.wlk not found","timestamp":"2025-04-05T13:38:36.485Z"}
{"level":"error","message":"✘ Could not produce symbols: document file:///c%3A/Users/Ale/Desktop/Quinto%20Cuatrimestre/Programacion%20con%20objetos%201/bolichito-AleRiobo/bolichito.wlk not found","timestamp":"2025-04-05T13:38:36.490Z"}
{"level":"error","message":"✘ Could not produce symbols: document file:///c%3A/Users/Ale/Desktop/Quinto%20Cuatrimestre/Programacion%20con%20objetos%201/bolichito-AleRiobo/bolichito.wlk not found","timestamp":"2025-04-05T13:38:36.872Z"}
{"level":"error","message":"✘ Could not produce symbols: document file:///c%3A/Users/Ale/Desktop/Quinto%20Cuatrimestre/Programacion%20con%20objetos%201/bolichito-AleRiobo/bolichito.wlk not found","timestamp":"2025-04-05T13:38:36.877Z"}
{"level":"error","message":"✘ Could not produce symbols: document file:///c%3A/Users/Ale/Desktop/Quinto%20Cuatrimestre/Programacion%20con%20objetos%201/bolichito-AleRiobo/bolichito.wlk not found","timestamp":"2025-04-05T13:38:37.418Z"}
{"level":"error","message":"✘ Could not produce symbols: document file:///c%3A/Users/Ale/Desktop/Quinto%20Cuatrimestre/Programacion%20con%20objetos%201/bolichito-AleRiobo/bolichito.wlk not found","timestamp":"2025-04-05T13:38:37.424Z"}
{"level":"error","message":"✘ Could not produce symbols: document file:///c%3A/Users/Ale/Desktop/Quinto%20Cuatrimestre/Programacion%20con%20objetos%201/bolichito-AleRiobo/bolichito.wlk not found","timestamp":"2025-04-05T13:38:38.963Z"}
{"level":"error","message":"✘ Could not produce symbols: document file:///c%3A/Users/Ale/Desktop/Quinto%20Cuatrimestre/Programacion%20con%20objetos%201/bolichito-AleRiobo/bolichito.wlk not found","timestamp":"2025-04-05T13:38:38.967Z"}
{"level":"error","message":"✘ Could not produce symbols: document file:///c%3A/Users/Ale/Desktop/Quinto%20Cuatrimestre/Programacion%20con%20objetos%201/bolichito-AleRiobo/bolichito.wlk not found","timestamp":"2025-04-05T13:41:11.269Z"}
{"level":"error","message":"✘ Could not produce symbols: document file:///c%3A/Users/Ale/Desktop/Quinto%20Cuatrimestre/Programacion%20con%20objetos%201/bolichito-AleRiobo/bolichito.wlk not found","timestamp":"2025-04-05T13:42:15.145Z"}
{"level":"info","message":"⌛ Building environment","timeElapsed":402,"timestamp":"2025-04-05T13:43:27.714Z"}
{"level":"info","message":"⌛ Building environment","timeElapsed":310,"timestamp":"2025-04-05T13:47:35.505Z"}
